#
# A fatal error has been detected by the Java Runtime Environment:
#
#  EXCEPTION_ACCESS_VIOLATION (0xc0000005) at pc=0x00007ffc83fac7ba, pid=2556, tid=6696
#
# JRE version: Java(TM) SE Runtime Environment (16.0.2+7) (build 16.0.2+7-67)
# Java VM: Java HotSpot(TM) 64-Bit Server VM (16.0.2+7-67, mixed mode, sharing, tiered, compressed oops, compressed class ptrs, g1 gc, windows-amd64)
# Problematic frame:
# C  [glfw.dll+0xc7ba]
#
# No core dump will be written. Minidumps are not enabled by default on client versions of Windows
#
# If you would like to submit a bug report, please visit:
#   https://bugreport.java.com/bugreport/crash.jsp
# The crash happened outside the Java Virtual Machine in native code.
# See problematic frame for where to report the bug.
#

---------------  S U M M A R Y ------------

Command Line: -Dfile.encoding=UTF-8 -XX:+ShowCodeDetailsInExceptionMessages com.mygdx.game.DesktopLauncher

Host: AMD Ryzen 5 3500U with Radeon Vega Mobile Gfx  , 8 cores, 6G,  Windows 10 , 64 bit Build 19041 (10.0.19041.1706)
Time: Fri May 20 11:56:31 2022 W. Europe Summer Time elapsed time: 5.464006 seconds (0d 0h 0m 5s)

---------------  T H R E A D  ---------------

Current thread (0x000002850e1e76b0):  JavaThread "main" [_thread_in_native, id=6696, stack(0x000000d11d200000,0x000000d11d300000)]

Stack: [0x000000d11d200000,0x000000d11d300000],  sp=0x000000d11d2e7a10,  free space=926k
Native frames: (J=compiled Java code, j=interpreted, Vv=VM code, C=native code)
C  [glfw.dll+0xc7ba]

Java frames: (J=compiled Java code, j=interpreted, Vv=VM code)
j  org.lwjgl.system.JNI.invokePPV(JJIIIIIJ)V+0
j  org.lwjgl.glfw.GLFW.glfwSetWindowMonitor(JJIIIII)V+30
j  com.badlogic.gdx.backends.lwjgl3.Lwjgl3Graphics.setFullscreenMode(Lcom/badlogic/gdx/Graphics$DisplayMode;)Z+136
j  com.mygdx.game.MyGdxGame.render()V+358
j  com.badlogic.gdx.backends.lwjgl3.Lwjgl3Graphics$1.invoke(JII)V+87
j  org.lwjgl.glfw.GLFWFramebufferSizeCallbackI.callback(J)V+13
v  ~StubRoutines::call_stub
j  org.lwjgl.system.JNI.invokePPV(JJIIIIIJ)V+0
j  org.lwjgl.glfw.GLFW.glfwSetWindowMonitor(JJIIIII)V+30
j  com.badlogic.gdx.backends.lwjgl3.Lwjgl3Graphics.setWindowedMode(II)Z+247
j  com.mygdx.game.MyGdxGame.render()V+396
j  com.badlogic.gdx.backends.lwjgl3.Lwjgl3Graphics$1.invoke(JII)V+87
j  org.lwjgl.glfw.GLFWFramebufferSizeCallbackI.callback(J)V+13
v  ~StubRoutines::call_stub
j  org.lwjgl.system.JNI.invokePPV(JJIIIIIJ)V+0
j  org.lwjgl.glfw.GLFW.glfwSetWindowMonitor(JJIIIII)V+30
j  com.badlogic.gdx.backends.lwjgl3.Lwjgl3Graphics.setFullscreenMode(Lcom/badlogic/gdx/Graphics$DisplayMode;)Z+136
j  com.mygdx.game.MyGdxGame.render()V+358
j  com.badlogic.gdx.backends.lwjgl3.Lwjgl3Graphics$1.invoke(JII)V+87
j  org.lwjgl.glfw.GLFWFramebufferSizeCallbackI.callback(J)V+13
v  ~StubRoutines::call_stub
j  org.lwjgl.system.JNI.invokePPV(JJIIIIIJ)V+0
j  org.lwjgl.glfw.GLFW.glfwSetWindowMonitor(JJIIIII)V+30
j  com.badlogic.gdx.backends.lwjgl3.Lwjgl3Graphics.setWindowedMode(II)Z+247
j  com.mygdx.game.MyGdxGame.render()V+396
j  com.badlogic.gdx.backends.lwjgl3.Lwjgl3Graphics$1.invoke(JII)V+87
j  org.lwjgl.glfw.GLFWFramebufferSizeCallbackI.callback(J)V+13
v  ~StubRoutines::call_stub
j  org.lwjgl.system.JNI.invokePPV(JJIIIIIJ)V+0
j  org.lwjgl.glfw.GLFW.glfwSetWindowMonitor(JJIIIII)V+30
j  com.badlogic.gdx.backends.lwjgl3.Lwjgl3Graphics.setFullscreenMode(Lcom/badlogic/gdx/Graphics$DisplayMode;)Z+136
j  com.mygdx.game.MyGdxGame.render()V+358
j  com.badlogic.gdx.backends.lwjgl3.Lwjgl3Graphics$1.invoke(JII)V+87
j  org.lwjgl.glfw.GLFWFramebufferSizeCallbackI.callback(J)V+13
v  ~StubRoutines::call_stub
j  org.lwjgl.system.JNI.invokePPV(JJIIIIIJ)V+0
j  org.lwjgl.glfw.GLFW.glfwSetWindowMonitor(JJIIIII)V+30
j  com.badlogic.gdx.backends.lwjgl3.Lwjgl3Graphics.setWindowedMode(II)Z+247
j  com.mygdx.game.MyGdxGame.render()V+396
j  com.badlogic.gdx.backends.lwjgl3.Lwjgl3Graphics$1.invoke(JII)V+87
j  org.lwjgl.glfw.GLFWFramebufferSizeCallbackI.callback(J)V+13
v  ~StubRoutines::call_stub
j  org.lwjgl.system.JNI.invokePPV(JJIIIIIJ)V+0
j  org.lwjgl.glfw.GLFW.glfwSetWindowMonitor(JJIIIII)V+30
j  com.badlogic.gdx.backends.lwjgl3.Lwjgl3Graphics.setFullscreenMode(Lcom/badlogic/gdx/Graphics$DisplayMode;)Z+136
j  com.mygdx.game.MyGdxGame.render()V+358
j  com.badlogic.gdx.backends.lwjgl3.Lwjgl3Graphics$1.invoke(JII)V+87
j  org.lwjgl.glfw.GLFWFramebufferSizeCallbackI.callback(J)V+13
v  ~StubRoutines::call_stub
j  org.lwjgl.system.JNI.invokePPV(JJIIIIIJ)V+0
j  org.lwjgl.glfw.GLFW.glfwSetWindowMonitor(JJIIIII)V+30
j  com.badlogic.gdx.backends.lwjgl3.Lwjgl3Graphics.setWindowedMode(II)Z+247
j  com.mygdx.game.MyGdxGame.render()V+396
j  com.badlogic.gdx.backends.lwjgl3.Lwjgl3Graphics$1.invoke(JII)V+87
j  org.lwjgl.glfw.GLFWFramebufferSizeCallbackI.callback(J)V+13
v  ~StubRoutines::call_stub
j  org.lwjgl.system.JNI.invokePPV(JJIIIIIJ)V+0
j  org.lwjgl.glfw.GLFW.glfwSetWindowMonitor(JJIIIII)V+30
j  com.badlogic.gdx.backends.lwjgl3.Lwjgl3Graphics.setFullscreenMode(Lcom/badlogic/gdx/Graphics$DisplayMode;)Z+136
j  com.mygdx.game.MyGdxGame.render()V+358
j  com.badlogic.gdx.backends.lwjgl3.Lwjgl3Graphics$1.invoke(JII)V+87
j  org.lwjgl.glfw.GLFWFramebufferSizeCallbackI.callback(J)V+13
v  ~StubRoutines::call_stub
j  org.lwjgl.system.JNI.invokePPV(JJIIIIIJ)V+0
j  org.lwjgl.glfw.GLFW.glfwSetWindowMonitor(JJIIIII)V+30
j  com.badlogic.gdx.backends.lwjgl3.Lwjgl3Graphics.setWindowedMode(II)Z+247
j  com.mygdx.game.MyGdxGame.render()V+396
j  com.badlogic.gdx.backends.lwjgl3.Lwjgl3Graphics$1.invoke(JII)V+87
j  org.lwjgl.glfw.GLFWFramebufferSizeCallbackI.callback(J)V+13
v  ~StubRoutines::call_stub
j  org.lwjgl.system.JNI.invokePPV(JJIIIIIJ)V+0
j  org.lwjgl.glfw.GLFW.glfwSetWindowMonitor(JJIIIII)V+30
j  com.badlogic.gdx.backends.lwjgl3.Lwjgl3Graphics.setFullscreenMode(Lcom/badlogic/gdx/Graphics$DisplayMode;)Z+136
j  com.mygdx.game.MyGdxGame.render()V+358
j  com.badlogic.gdx.backends.lwjgl3.Lwjgl3Graphics$1.invoke(JII)V+87
j  org.lwjgl.glfw.GLFWFramebufferSizeCallbackI.callback(J)V+13
v  ~StubRoutines::call_stub
j  org.lwjgl.system.JNI.invokePPV(JJIIIIIJ)V+0
j  org.lwjgl.glfw.GLFW.glfwSetWindowMonitor(JJIIIII)V+30
j  com.badlogic.gdx.backends.lwjgl3.Lwjgl3Graphics.setWindowedMode(II)Z+247
j  com.mygdx.game.MyGdxGame.render()V+396
j  com.badlogic.gdx.backends.lwjgl3.Lwjgl3Window.update()Z+187
j  com.badlogic.gdx.backends.lwjgl3.Lwjgl3Application.loop()V+111
j  com.badlogic.gdx.backends.lwjgl3.Lwjgl3Application.<init>(Lcom/badlogic/gdx/ApplicationListener;Lcom/badlogic/gdx/backends/lwjgl3/Lwjgl3ApplicationConfiguration;)V+243
j  com.mygdx.game.DesktopLauncher.main([Ljava/lang/String;)V+46
v  ~StubRoutines::call_stub

siginfo: EXCEPTION_ACCESS_VIOLATION (0xc0000005), reading address 0x0000000000000018


Register to memory mapping:

RIP=0x00007ffc83fac7ba glfw.dll
RAX=0x0000000000000001 is an unknown value
RBX=0x000002852ecbf670 points into unknown readable memory: 0x0000000000000000 | 00 00 00 00 00 00 00 00
RCX=0x0 is NULL
RDX=0x0 is NULL
RSP=0x000000d11d2e7a10 is pointing into the stack for thread: 0x000002850e1e76b0
RBP=0x000000d11d2e7ab1 is pointing into the stack for thread: 0x000002850e1e76b0
RSI=0x0 is NULL
RDI=0x000002852ecbf670 points into unknown readable memory: 0x0000000000000000 | 00 00 00 00 00 00 00 00
R8 =0x000000d11d2e77f8 is pointing into the stack for thread: 0x000002850e1e76b0
R9 =0x000000d11d2e7860 is pointing into the stack for thread: 0x000002850e1e76b0
R10=0x0 is NULL
R11=0x000000d11d2e79a0 is pointing into the stack for thread: 0x000002850e1e76b0
R12=0x0 is NULL
R13={method} {0x000002852e0c2a90} 'invokePPV' '(JJIIIIIJ)V' in 'org/lwjgl/system/JNI'
R14=0x0 is NULL
R15=0x000002850e1e76b0 is a thread


Registers:
RAX=0x0000000000000001, RBX=0x000002852ecbf670, RCX=0x0000000000000000, RDX=0x0000000000000000
RSP=0x000000d11d2e7a10, RBP=0x000000d11d2e7ab1, RSI=0x0000000000000000, RDI=0x000002852ecbf670
R8 =0x000000d11d2e77f8, R9 =0x000000d11d2e7860, R10=0x0000000000000000, R11=0x000000d11d2e79a0
R12=0x0000000000000000, R13=0x000002852e0c2a88, R14=0x0000000000000000, R15=0x000002850e1e76b0
RIP=0x00007ffc83fac7ba, EFLAGS=0x0000000000010206

Top of Stack: (sp=0x000000d11d2e7a10)
0x000000d11d2e7a10:   000002852ecbf670 0000000000000000
0x000000d11d2e7a20:   000002852ecbf670 0000000000000000
0x000000d11d2e7a30:   0000000000000170 00007ffc83fabf37
0x000000d11d2e7a40:   0000000096000000 000000d11d2e7ab1
0x000000d11d2e7a50:   0000000000000000 00007ffc76c1750c
0x000000d11d2e7a60:   000000d11d2e7af0 0000028517189512
0x000000d11d2e7a70:   0000028517189512 000002852e4b52fc
0x000000d11d2e7a80:   0000000000000000 0000000000000010
0x000000d11d2e7a90:   0000000000000028 0000000000000000
0x000000d11d2e7aa0:   0000000000000000 0000000000000000
0x000000d11d2e7ab0:   0000000000000000 00004d37c3d051e4
0x000000d11d2e7ac0:   000000d11d2e7b48 0000028517189626
0x000000d11d2e7ad0:   000000d11d2e7c80 0000000000000858
0x000000d11d2e7ae0:   0000000000000148 000002852e0c2a88
0x000000d11d2e7af0:   000000d11d2e7c10 00007ffc875c457c
0x000000d11d2e7b00:   000000d11d2e7b68 00000285388e7eb8 

Instructions: (pc=0x00007ffc83fac7ba)
0x00007ffc83fac6ba:   15 d1 a9 03 00 ff 15 5b cc 01 00 48 89 44 24 50
0x00007ffc83fac6ca:   48 85 c0 75 25 c7 44 24 28 40 80 00 00 44 8d 43
0x00007ffc83fac6da:   01 45 33 c9 89 5c 24 20 ba 00 7f 00 00 33 c9 ff
0x00007ffc83fac6ea:   15 31 cc 01 00 48 89 44 24 50 48 8d 4c 24 30 ff
0x00007ffc83fac6fa:   15 a9 cd 01 00 66 85 c0 75 1c 48 8d 15 9d a9 03
0x00007ffc83fac70a:   00 b9 08 00 01 00 e8 1b ae ff ff 33 c0 48 81 c4
0x00007ffc83fac71a:   80 00 00 00 5b c3 b8 01 00 00 00 48 81 c4 80 00
0x00007ffc83fac72a:   00 00 5b c3 cc cc 48 83 ec 28 33 c9 ff 15 5c cb
0x00007ffc83fac73a:   01 00 48 8b d0 48 8d 0d e2 a1 03 00 48 83 c4 28
0x00007ffc83fac74a:   48 ff 25 5f cd 01 00 cc cc cc cc cc cc cc cc cc
0x00007ffc83fac75a:   cc cc cc cc cc cc 40 53 48 83 ec 20 83 3d cf c2
0x00007ffc83fac76a:   04 00 00 48 8b d9 75 44 b9 02 00 00 80 ff 15 3b
0x00007ffc83fac77a:   c9 01 00 45 33 c0 41 8d 50 01 8d 4a 04 e8 54 af
0x00007ffc83fac78a:   ff ff 85 c0 74 26 33 d2 4c 8d 05 63 d0 04 00 45
0x00007ffc83fac79a:   33 c9 8d 4a 5e ff 15 93 cd 01 00 33 d2 45 33 c9
0x00007ffc83fac7aa:   45 33 c0 8d 4a 5d ff 15 82 cd 01 00 48 8b 4b 40
0x00007ffc83fac7ba:   48 83 79 18 00 75 0a ff 05 75 c2 04 00 48 8b 4b
0x00007ffc83fac7ca:   40 48 8d 53 28 e8 cc dc ff ff 48 8b 4b 40 48 8b
0x00007ffc83fac7da:   d3 48 83 c4 20 5b e9 eb 89 ff ff cc cc cc cc cc
0x00007ffc83fac7ea:   cc cc cc cc cc cc 40 53 55 48 83 ec 78 0f 29 74
0x00007ffc83fac7fa:   24 50 48 8b 05 25 a9 04 00 48 33 c4 48 89 44 24
0x00007ffc83fac80a:   40 66 0f 6e 71 60 49 8b d8 66 0f 6e 41 64 8b ea
0x00007ffc83fac81a:   48 89 b4 24 98 00 00 00 48 8b f1 0f 5b c0 4c 89
0x00007ffc83fac82a:   74 24 68 b9 39 38 00 00 4c 89 7c 24 60 41 bf 60
0x00007ffc83fac83a:   00 00 00 0f 5b f6 f3 0f 5e f0 e8 e7 ad ff ff 85
0x00007ffc83fac84a:   c0 74 10 48 8b 8e 48 03 00 00 ff 15 0e d0 04 00
0x00007ffc83fac85a:   44 8b f8 48 8b 4e 40 41 be 00 00 04 00 48 89 7c
0x00007ffc83fac86a:   24 70 48 85 c9 75 05 39 4e 14 74 12 41 be 08 00
0x00007ffc83fac87a:   04 00 48 85 c9 74 07 bf 00 00 00 86 eb 1e 83 7e
0x00007ffc83fac88a:   0c 00 74 13 83 7e 08 00 bf 00 00 cf 06 b8 00 00
0x00007ffc83fac89a:   ca 06 0f 44 f8 eb 05 bf 00 00 0a 86 0f 57 c0 b9
0x00007ffc83fac8aa:   39 38 00 00 f3 0f 7f 44 24 30 e8 77 ad ff ff 48 


Stack slot to memory mapping:
stack at sp + 0 slots: 0x000002852ecbf670 points into unknown readable memory: 0x0000000000000000 | 00 00 00 00 00 00 00 00
stack at sp + 1 slots: 0x0 is NULL
stack at sp + 2 slots: 0x000002852ecbf670 points into unknown readable memory: 0x0000000000000000 | 00 00 00 00 00 00 00 00
stack at sp + 3 slots: 0x0 is NULL
stack at sp + 4 slots: 0x0000000000000170 is an unknown value
stack at sp + 5 slots: 0x00007ffc83fabf37 glfw.dll
stack at sp + 6 slots: 0x0000000096000000 points into unknown readable memory: 0x0000000000000000 | 00 00 00 00 00 00 00 00
stack at sp + 7 slots: 0x000000d11d2e7ab1 is pointing into the stack for thread: 0x000002850e1e76b0


---------------  P R O C E S S  ---------------

Threads class SMR info:
_java_thread_list=0x000002853637dbf0, length=13, elements={
0x000002850e1e76b0, 0x000002852d81e540, 0x000002852d821320, 0x000002852d830a20,
0x000002852d833340, 0x000002852d833c50, 0x000002852d839280, 0x000002852d841f80,
0x000002852d844fa0, 0x000002852d84fef0, 0x000002852e4b2f40, 0x000002852e4b24a0,
0x000002852e4b14b0
}

Java Threads: ( => current thread )
=>0x000002850e1e76b0 JavaThread "main" [_thread_in_native, id=6696, stack(0x000000d11d200000,0x000000d11d300000)]
  0x000002852d81e540 JavaThread "Reference Handler" daemon [_thread_blocked, id=10280, stack(0x000000d11d900000,0x000000d11da00000)]
  0x000002852d821320 JavaThread "Finalizer" daemon [_thread_blocked, id=12692, stack(0x000000d11da00000,0x000000d11db00000)]
  0x000002852d830a20 JavaThread "Signal Dispatcher" daemon [_thread_blocked, id=5868, stack(0x000000d11db00000,0x000000d11dc00000)]
  0x000002852d833340 JavaThread "Attach Listener" daemon [_thread_blocked, id=13040, stack(0x000000d11dc00000,0x000000d11dd00000)]
  0x000002852d833c50 JavaThread "Service Thread" daemon [_thread_blocked, id=18048, stack(0x000000d11dd00000,0x000000d11de00000)]
  0x000002852d839280 JavaThread "Monitor Deflation Thread" daemon [_thread_blocked, id=904, stack(0x000000d11de00000,0x000000d11df00000)]
  0x000002852d841f80 JavaThread "C2 CompilerThread0" daemon [_thread_blocked, id=6540, stack(0x000000d11df00000,0x000000d11e000000)]
  0x000002852d844fa0 JavaThread "C1 CompilerThread0" daemon [_thread_blocked, id=2472, stack(0x000000d11e000000,0x000000d11e100000)]
  0x000002852d84fef0 JavaThread "Sweeper thread" daemon [_thread_blocked, id=13692, stack(0x000000d11e100000,0x000000d11e200000)]
  0x000002852e4b2f40 JavaThread "Notification Thread" daemon [_thread_blocked, id=17276, stack(0x000000d11e200000,0x000000d11e300000)]
  0x000002852e4b24a0 JavaThread "Common-Cleaner" daemon [_thread_blocked, id=5640, stack(0x000000d11e400000,0x000000d11e500000)]
  0x000002852e4b14b0 JavaThread "LWJGL3 Timer" daemon [_thread_blocked, id=16452, stack(0x000000d11ed00000,0x000000d11ee00000)]

Other Threads:
  0x000002852d817ba0 VMThread "VM Thread" [stack: 0x000000d11d800000,0x000000d11d900000] [id=3764]
  0x000002852e4b7610 WatcherThread [stack: 0x000000d11e300000,0x000000d11e400000] [id=11332]
  0x000002850e220570 GCTaskThread "GC Thread#0" [stack: 0x000000d11d300000,0x000000d11d400000] [id=5624]
  0x000002850e22fa60 ConcurrentGCThread "G1 Main Marker" [stack: 0x000000d11d400000,0x000000d11d500000] [id=16616]
  0x000002850e2303e0 ConcurrentGCThread "G1 Conc#0" [stack: 0x000000d11d500000,0x000000d11d600000] [id=8268]
  0x000002850e2a8e90 ConcurrentGCThread "G1 Refine#0" [stack: 0x000000d11d600000,0x000000d11d700000] [id=16172]
  0x000002850e2a9820 ConcurrentGCThread "G1 Service" [stack: 0x000000d11d700000,0x000000d11d800000] [id=1764]

Threads with active compile tasks:

VM state: not at safepoint (normal execution)

VM Mutex/Monitor currently owned by a thread: None

Heap address: 0x0000000091000000, size: 1776 MB, Compressed Oops mode: 32-bit

CDS archive(s) mapped at: [0x0000000800000000-0x0000000800bb0000-0x0000000800bb0000), size 12255232, SharedBaseAddress: 0x0000000800000000, ArchiveRelocationMode: 0.
Compressed class space mapped at: 0x0000000800c00000-0x0000000840c00000, reserved size: 1073741824
Narrow klass base: 0x0000000800000000, Narrow klass shift: 3, Narrow klass range: 0x100000000

GC Precious Log:
 CPUs: 8 total, 8 available
 Memory: 7103M
 Large Page Support: Disabled
 NUMA Support: Disabled
 Compressed Oops: Enabled (32-bit)
 Heap Region Size: 1M
 Heap Min Capacity: 8M
 Heap Initial Capacity: 112M
 Heap Max Capacity: 1776M
 Pre-touch: Disabled
 Parallel Workers: 8
 Concurrent Workers: 2
 Concurrent Refinement Workers: 8
 Periodic GC: Disabled

Heap:
 garbage-first heap   total 114688K, used 38912K [0x0000000091000000, 0x0000000100000000)
  region size 1024K, 23 young (23552K), 0 survivors (0K)
 Metaspace       used 7107K, committed 7232K, reserved 1064960K
  class space    used 412K, committed 448K, reserved 1048576K

Heap Regions: E=young(eden), S=young(survivor), O=old, HS=humongous(starts), HC=humongous(continues), CS=collection set, F=free, OA=open archive, CA=closed archive, TAMS=top-at-mark-start (previous, next)
|   0|0x0000000091000000, 0x0000000091100000, 0x0000000091100000|100%|HS|  |TAMS 0x0000000091000000, 0x0000000091000000| Complete 
|   1|0x0000000091100000, 0x0000000091200000, 0x0000000091200000|100%|HS|  |TAMS 0x0000000091100000, 0x0000000091100000| Complete 
|   2|0x0000000091200000, 0x0000000091300000, 0x0000000091300000|100%|HC|  |TAMS 0x0000000091200000, 0x0000000091200000| Complete 
|   3|0x0000000091300000, 0x0000000091400000, 0x0000000091400000|100%|HS|  |TAMS 0x0000000091300000, 0x0000000091300000| Complete 
|   4|0x0000000091400000, 0x0000000091500000, 0x0000000091500000|100%|HC|  |TAMS 0x0000000091400000, 0x0000000091400000| Complete 
|   5|0x0000000091500000, 0x0000000091600000, 0x0000000091600000|100%|HS|  |TAMS 0x0000000091500000, 0x0000000091500000| Complete 
|   6|0x0000000091600000, 0x0000000091700000, 0x0000000091700000|100%|HC|  |TAMS 0x0000000091600000, 0x0000000091600000| Complete 
|   7|0x0000000091700000, 0x0000000091800000, 0x0000000091800000|100%|HS|  |TAMS 0x0000000091700000, 0x0000000091700000| Complete 
|   8|0x0000000091800000, 0x0000000091900000, 0x0000000091900000|100%|HS|  |TAMS 0x0000000091800000, 0x0000000091800000| Complete 
|   9|0x0000000091900000, 0x0000000091a00000, 0x0000000091a00000|100%|HC|  |TAMS 0x0000000091900000, 0x0000000091900000| Complete 
|  10|0x0000000091a00000, 0x0000000091b00000, 0x0000000091b00000|100%|HS|  |TAMS 0x0000000091a00000, 0x0000000091a00000| Complete 
|  11|0x0000000091b00000, 0x0000000091c00000, 0x0000000091c00000|100%|HC|  |TAMS 0x0000000091b00000, 0x0000000091b00000| Complete 
|  12|0x0000000091c00000, 0x0000000091d00000, 0x0000000091d00000|100%|HS|  |TAMS 0x0000000091c00000, 0x0000000091c00000| Complete 
|  13|0x0000000091d00000, 0x0000000091e00000, 0x0000000091e00000|100%|HS|  |TAMS 0x0000000091d00000, 0x0000000091d00000| Complete 
|  14|0x0000000091e00000, 0x0000000091f00000, 0x0000000091f00000|100%|HC|  |TAMS 0x0000000091e00000, 0x0000000091e00000| Complete 
|  15|0x0000000091f00000, 0x0000000092000000, 0x0000000092000000|100%|HS|  |TAMS 0x0000000091f00000, 0x0000000091f00000| Complete 
|  16|0x0000000092000000, 0x0000000092000000, 0x0000000092100000|  0%| F|  |TAMS 0x0000000092000000, 0x0000000092000000| Untracked 
|  17|0x0000000092100000, 0x0000000092100000, 0x0000000092200000|  0%| F|  |TAMS 0x0000000092100000, 0x0000000092100000| Untracked 
|  18|0x0000000092200000, 0x0000000092200000, 0x0000000092300000|  0%| F|  |TAMS 0x0000000092200000, 0x0000000092200000| Untracked 
|  19|0x0000000092300000, 0x0000000092300000, 0x0000000092400000|  0%| F|  |TAMS 0x0000000092300000, 0x0000000092300000| Untracked 
|  20|0x0000000092400000, 0x0000000092400000, 0x0000000092500000|  0%| F|  |TAMS 0x0000000092400000, 0x0000000092400000| Untracked 
|  21|0x0000000092500000, 0x0000000092500000, 0x0000000092600000|  0%| F|  |TAMS 0x0000000092500000, 0x0000000092500000| Untracked 
|  22|0x0000000092600000, 0x0000000092600000, 0x0000000092700000|  0%| F|  |TAMS 0x0000000092600000, 0x0000000092600000| Untracked 
|  23|0x0000000092700000, 0x0000000092700000, 0x0000000092800000|  0%| F|  |TAMS 0x0000000092700000, 0x0000000092700000| Untracked 
|  24|0x0000000092800000, 0x0000000092800000, 0x0000000092900000|  0%| F|  |TAMS 0x0000000092800000, 0x0000000092800000| Untracked 
|  25|0x0000000092900000, 0x0000000092900000, 0x0000000092a00000|  0%| F|  |TAMS 0x0000000092900000, 0x0000000092900000| Untracked 
|  26|0x0000000092a00000, 0x0000000092a00000, 0x0000000092b00000|  0%| F|  |TAMS 0x0000000092a00000, 0x0000000092a00000| Untracked 
|  27|0x0000000092b00000, 0x0000000092b00000, 0x0000000092c00000|  0%| F|  |TAMS 0x0000000092b00000, 0x0000000092b00000| Untracked 
|  28|0x0000000092c00000, 0x0000000092c00000, 0x0000000092d00000|  0%| F|  |TAMS 0x0000000092c00000, 0x0000000092c00000| Untracked 
|  29|0x0000000092d00000, 0x0000000092d00000, 0x0000000092e00000|  0%| F|  |TAMS 0x0000000092d00000, 0x0000000092d00000| Untracked 
|  30|0x0000000092e00000, 0x0000000092e00000, 0x0000000092f00000|  0%| F|  |TAMS 0x0000000092e00000, 0x0000000092e00000| Untracked 
|  31|0x0000000092f00000, 0x0000000092f00000, 0x0000000093000000|  0%| F|  |TAMS 0x0000000092f00000, 0x0000000092f00000| Untracked 
|  32|0x0000000093000000, 0x0000000093000000, 0x0000000093100000|  0%| F|  |TAMS 0x0000000093000000, 0x0000000093000000| Untracked 
|  33|0x0000000093100000, 0x0000000093100000, 0x0000000093200000|  0%| F|  |TAMS 0x0000000093100000, 0x0000000093100000| Untracked 
|  34|0x0000000093200000, 0x0000000093200000, 0x0000000093300000|  0%| F|  |TAMS 0x0000000093200000, 0x0000000093200000| Untracked 
|  35|0x0000000093300000, 0x0000000093300000, 0x0000000093400000|  0%| F|  |TAMS 0x0000000093300000, 0x0000000093300000| Untracked 
|  36|0x0000000093400000, 0x0000000093400000, 0x0000000093500000|  0%| F|  |TAMS 0x0000000093400000, 0x0000000093400000| Untracked 
|  37|0x0000000093500000, 0x0000000093500000, 0x0000000093600000|  0%| F|  |TAMS 0x0000000093500000, 0x0000000093500000| Untracked 
|  38|0x0000000093600000, 0x0000000093600000, 0x0000000093700000|  0%| F|  |TAMS 0x0000000093600000, 0x0000000093600000| Untracked 
|  39|0x0000000093700000, 0x0000000093700000, 0x0000000093800000|  0%| F|  |TAMS 0x0000000093700000, 0x0000000093700000| Untracked 
|  40|0x0000000093800000, 0x0000000093800000, 0x0000000093900000|  0%| F|  |TAMS 0x0000000093800000, 0x0000000093800000| Untracked 
|  41|0x0000000093900000, 0x0000000093900000, 0x0000000093a00000|  0%| F|  |TAMS 0x0000000093900000, 0x0000000093900000| Untracked 
|  42|0x0000000093a00000, 0x0000000093a00000, 0x0000000093b00000|  0%| F|  |TAMS 0x0000000093a00000, 0x0000000093a00000| Untracked 
|  43|0x0000000093b00000, 0x0000000093b00000, 0x0000000093c00000|  0%| F|  |TAMS 0x0000000093b00000, 0x0000000093b00000| Untracked 
|  44|0x0000000093c00000, 0x0000000093c00000, 0x0000000093d00000|  0%| F|  |TAMS 0x0000000093c00000, 0x0000000093c00000| Untracked 
|  45|0x0000000093d00000, 0x0000000093d00000, 0x0000000093e00000|  0%| F|  |TAMS 0x0000000093d00000, 0x0000000093d00000| Untracked 
|  46|0x0000000093e00000, 0x0000000093e00000, 0x0000000093f00000|  0%| F|  |TAMS 0x0000000093e00000, 0x0000000093e00000| Untracked 
|  47|0x0000000093f00000, 0x0000000093f00000, 0x0000000094000000|  0%| F|  |TAMS 0x0000000093f00000, 0x0000000093f00000| Untracked 
|  48|0x0000000094000000, 0x0000000094000000, 0x0000000094100000|  0%| F|  |TAMS 0x0000000094000000, 0x0000000094000000| Untracked 
|  49|0x0000000094100000, 0x0000000094100000, 0x0000000094200000|  0%| F|  |TAMS 0x0000000094100000, 0x0000000094100000| Untracked 
|  50|0x0000000094200000, 0x0000000094200000, 0x0000000094300000|  0%| F|  |TAMS 0x0000000094200000, 0x0000000094200000| Untracked 
|  51|0x0000000094300000, 0x0000000094300000, 0x0000000094400000|  0%| F|  |TAMS 0x0000000094300000, 0x0000000094300000| Untracked 
|  52|0x0000000094400000, 0x0000000094400000, 0x0000000094500000|  0%| F|  |TAMS 0x0000000094400000, 0x0000000094400000| Untracked 
|  53|0x0000000094500000, 0x0000000094500000, 0x0000000094600000|  0%| F|  |TAMS 0x0000000094500000, 0x0000000094500000| Untracked 
|  54|0x0000000094600000, 0x0000000094600000, 0x0000000094700000|  0%| F|  |TAMS 0x0000000094600000, 0x0000000094600000| Untracked 
|  55|0x0000000094700000, 0x0000000094700000, 0x0000000094800000|  0%| F|  |TAMS 0x0000000094700000, 0x0000000094700000| Untracked 
|  56|0x0000000094800000, 0x0000000094800000, 0x0000000094900000|  0%| F|  |TAMS 0x0000000094800000, 0x0000000094800000| Untracked 
|  57|0x0000000094900000, 0x0000000094900000, 0x0000000094a00000|  0%| F|  |TAMS 0x0000000094900000, 0x0000000094900000| Untracked 
|  58|0x0000000094a00000, 0x0000000094a00000, 0x0000000094b00000|  0%| F|  |TAMS 0x0000000094a00000, 0x0000000094a00000| Untracked 
|  59|0x0000000094b00000, 0x0000000094b00000, 0x0000000094c00000|  0%| F|  |TAMS 0x0000000094b00000, 0x0000000094b00000| Untracked 
|  60|0x0000000094c00000, 0x0000000094c00000, 0x0000000094d00000|  0%| F|  |TAMS 0x0000000094c00000, 0x0000000094c00000| Untracked 
|  61|0x0000000094d00000, 0x0000000094d00000, 0x0000000094e00000|  0%| F|  |TAMS 0x0000000094d00000, 0x0000000094d00000| Untracked 
|  62|0x0000000094e00000, 0x0000000094e00000, 0x0000000094f00000|  0%| F|  |TAMS 0x0000000094e00000, 0x0000000094e00000| Untracked 
|  63|0x0000000094f00000, 0x0000000094f00000, 0x0000000095000000|  0%| F|  |TAMS 0x0000000094f00000, 0x0000000094f00000| Untracked 
|  64|0x0000000095000000, 0x0000000095000000, 0x0000000095100000|  0%| F|  |TAMS 0x0000000095000000, 0x0000000095000000| Untracked 
|  65|0x0000000095100000, 0x0000000095100000, 0x0000000095200000|  0%| F|  |TAMS 0x0000000095100000, 0x0000000095100000| Untracked 
|  66|0x0000000095200000, 0x0000000095200000, 0x0000000095300000|  0%| F|  |TAMS 0x0000000095200000, 0x0000000095200000| Untracked 
|  67|0x0000000095300000, 0x0000000095300000, 0x0000000095400000|  0%| F|  |TAMS 0x0000000095300000, 0x0000000095300000| Untracked 
|  68|0x0000000095400000, 0x0000000095400000, 0x0000000095500000|  0%| F|  |TAMS 0x0000000095400000, 0x0000000095400000| Untracked 
|  69|0x0000000095500000, 0x0000000095500000, 0x0000000095600000|  0%| F|  |TAMS 0x0000000095500000, 0x0000000095500000| Untracked 
|  70|0x0000000095600000, 0x0000000095600000, 0x0000000095700000|  0%| F|  |TAMS 0x0000000095600000, 0x0000000095600000| Untracked 
|  71|0x0000000095700000, 0x0000000095700000, 0x0000000095800000|  0%| F|  |TAMS 0x0000000095700000, 0x0000000095700000| Untracked 
|  72|0x0000000095800000, 0x0000000095800000, 0x0000000095900000|  0%| F|  |TAMS 0x0000000095800000, 0x0000000095800000| Untracked 
|  73|0x0000000095900000, 0x0000000095900000, 0x0000000095a00000|  0%| F|  |TAMS 0x0000000095900000, 0x0000000095900000| Untracked 
|  74|0x0000000095a00000, 0x0000000095a00000, 0x0000000095b00000|  0%| F|  |TAMS 0x0000000095a00000, 0x0000000095a00000| Untracked 
|  75|0x0000000095b00000, 0x0000000095b00000, 0x0000000095c00000|  0%| F|  |TAMS 0x0000000095b00000, 0x0000000095b00000| Untracked 
|  76|0x0000000095c00000, 0x0000000095c00000, 0x0000000095d00000|  0%| F|  |TAMS 0x0000000095c00000, 0x0000000095c00000| Untracked 
|  77|0x0000000095d00000, 0x0000000095d00000, 0x0000000095e00000|  0%| F|  |TAMS 0x0000000095d00000, 0x0000000095d00000| Untracked 
|  78|0x0000000095e00000, 0x0000000095e00000, 0x0000000095f00000|  0%| F|  |TAMS 0x0000000095e00000, 0x0000000095e00000| Untracked 
|  79|0x0000000095f00000, 0x0000000095f00000, 0x0000000096000000|  0%| F|  |TAMS 0x0000000095f00000, 0x0000000095f00000| Untracked 
|  80|0x0000000096000000, 0x0000000096000000, 0x0000000096100000|  0%| F|  |TAMS 0x0000000096000000, 0x0000000096000000| Untracked 
|  81|0x0000000096100000, 0x0000000096100000, 0x0000000096200000|  0%| F|  |TAMS 0x0000000096100000, 0x0000000096100000| Untracked 
|  82|0x0000000096200000, 0x0000000096200000, 0x0000000096300000|  0%| F|  |TAMS 0x0000000096200000, 0x0000000096200000| Untracked 
|  83|0x0000000096300000, 0x0000000096300000, 0x0000000096400000|  0%| F|  |TAMS 0x0000000096300000, 0x0000000096300000| Untracked 
|  84|0x0000000096400000, 0x0000000096400000, 0x0000000096500000|  0%| F|  |TAMS 0x0000000096400000, 0x0000000096400000| Untracked 
|  85|0x0000000096500000, 0x0000000096500000, 0x0000000096600000|  0%| F|  |TAMS 0x0000000096500000, 0x0000000096500000| Untracked 
|  86|0x0000000096600000, 0x0000000096600000, 0x0000000096700000|  0%| F|  |TAMS 0x0000000096600000, 0x0000000096600000| Untracked 
|  87|0x0000000096700000, 0x0000000096700000, 0x0000000096800000|  0%| F|  |TAMS 0x0000000096700000, 0x0000000096700000| Untracked 
|  88|0x0000000096800000, 0x0000000096800000, 0x0000000096900000|  0%| F|  |TAMS 0x0000000096800000, 0x0000000096800000| Untracked 
|  89|0x0000000096900000, 0x000000009697c568, 0x0000000096a00000| 48%| E|  |TAMS 0x0000000096900000, 0x0000000096900000| Complete 
|  90|0x0000000096a00000, 0x0000000096b00000, 0x0000000096b00000|100%| E|CS|TAMS 0x0000000096a00000, 0x0000000096a00000| Complete 
|  91|0x0000000096b00000, 0x0000000096c00000, 0x0000000096c00000|100%| E|CS|TAMS 0x0000000096b00000, 0x0000000096b00000| Complete 
|  92|0x0000000096c00000, 0x0000000096d00000, 0x0000000096d00000|100%| E|CS|TAMS 0x0000000096c00000, 0x0000000096c00000| Complete 
|  93|0x0000000096d00000, 0x0000000096e00000, 0x0000000096e00000|100%| E|CS|TAMS 0x0000000096d00000, 0x0000000096d00000| Complete 
|  94|0x0000000096e00000, 0x0000000096f00000, 0x0000000096f00000|100%| E|CS|TAMS 0x0000000096e00000, 0x0000000096e00000| Complete 
|  95|0x0000000096f00000, 0x0000000097000000, 0x0000000097000000|100%| E|CS|TAMS 0x0000000096f00000, 0x0000000096f00000| Complete 
|  96|0x0000000097000000, 0x0000000097100000, 0x0000000097100000|100%| E|CS|TAMS 0x0000000097000000, 0x0000000097000000| Complete 
|  97|0x0000000097100000, 0x0000000097200000, 0x0000000097200000|100%| E|CS|TAMS 0x0000000097100000, 0x0000000097100000| Complete 
|  98|0x0000000097200000, 0x0000000097300000, 0x0000000097300000|100%| E|CS|TAMS 0x0000000097200000, 0x0000000097200000| Complete 
|  99|0x0000000097300000, 0x0000000097400000, 0x0000000097400000|100%| E|CS|TAMS 0x0000000097300000, 0x0000000097300000| Complete 
| 100|0x0000000097400000, 0x0000000097500000, 0x0000000097500000|100%| E|CS|TAMS 0x0000000097400000, 0x0000000097400000| Complete 
| 101|0x0000000097500000, 0x0000000097600000, 0x0000000097600000|100%| E|CS|TAMS 0x0000000097500000, 0x0000000097500000| Complete 
| 102|0x0000000097600000, 0x0000000097700000, 0x0000000097700000|100%| E|CS|TAMS 0x0000000097600000, 0x0000000097600000| Complete 
| 103|0x0000000097700000, 0x0000000097800000, 0x0000000097800000|100%| E|CS|TAMS 0x0000000097700000, 0x0000000097700000| Complete 
| 104|0x0000000097800000, 0x0000000097900000, 0x0000000097900000|100%| E|CS|TAMS 0x0000000097800000, 0x0000000097800000| Complete 
| 105|0x0000000097900000, 0x0000000097a00000, 0x0000000097a00000|100%| E|CS|TAMS 0x0000000097900000, 0x0000000097900000| Complete 
| 106|0x0000000097a00000, 0x0000000097b00000, 0x0000000097b00000|100%| E|CS|TAMS 0x0000000097a00000, 0x0000000097a00000| Complete 
| 107|0x0000000097b00000, 0x0000000097c00000, 0x0000000097c00000|100%| E|CS|TAMS 0x0000000097b00000, 0x0000000097b00000| Complete 
| 108|0x0000000097c00000, 0x0000000097d00000, 0x0000000097d00000|100%| E|CS|TAMS 0x0000000097c00000, 0x0000000097c00000| Complete 
| 109|0x0000000097d00000, 0x0000000097e00000, 0x0000000097e00000|100%| E|CS|TAMS 0x0000000097d00000, 0x0000000097d00000| Complete 
| 110|0x0000000097e00000, 0x0000000097f00000, 0x0000000097f00000|100%| E|CS|TAMS 0x0000000097e00000, 0x0000000097e00000| Complete 
| 111|0x0000000097f00000, 0x0000000098000000, 0x0000000098000000|100%| E|CS|TAMS 0x0000000097f00000, 0x0000000097f00000| Complete 

Card table byte_map: [0x0000028526f60000,0x00000285272e0000] _byte_map_base: 0x0000028526ad8000

Marking Bits (Prev, Next): (CMBitMap*) 0x000002850e220af0, (CMBitMap*) 0x000002850e220b30
 Prev Bits: [0x0000028527660000, 0x0000028529220000)
 Next Bits: [0x0000028529220000, 0x000002852ade0000)

Polling page: 0x000002850e2c0000

Metaspace:

Usage:
  Non-class:      6.54 MB used.
      Class:    412.27 KB used.
       Both:      6.94 MB used.

Virtual space:
  Non-class space:       16.00 MB reserved,       6.62 MB ( 41%) committed,  2 nodes.
      Class space:        1.00 GB reserved,     448.00 KB ( <1%) committed,  1 nodes.
              Both:        1.02 GB reserved,       7.06 MB ( <1%) committed. 

Chunk freelists:
   Non-Class:  3.03 MB
       Class:  3.44 MB
        Both:  6.47 MB

MaxMetaspaceSize: 17179869184.00 GB
CompressedClassSpaceSize: 1.00 GB
 - commit_granule_bytes: 65536.
 - commit_granule_words: 8192.
 - virtual_space_node_default_size: 1048576.
 - enlarge_chunks_in_place: 1.
 - new_chunks_are_fully_committed: 0.
 - uncommit_free_chunks: 1.
 - use_allocation_guard: 0.
 - handle_deallocations: 1.


Internal statistics:

num_allocs_failed_limit: 0.
num_arena_births: 42.
num_arena_deaths: 0.
num_vsnodes_births: 3.
num_vsnodes_deaths: 0.
num_space_committed: 111.
num_space_uncommitted: 0.
num_chunks_returned_to_freelist: 0.
num_chunks_taken_from_freelist: 232.
num_chunk_merges: 0.
num_chunk_splits: 188.
num_chunks_enlarged: 166.
num_purges: 0.

CodeHeap 'non-profiled nmethods': size=120000Kb used=330Kb max_used=330Kb free=119669Kb
 bounds [0x000002851ec50000, 0x000002851eec0000, 0x0000028526180000]
CodeHeap 'profiled nmethods': size=120000Kb used=1602Kb max_used=1602Kb free=118397Kb
 bounds [0x0000028517720000, 0x0000028517990000, 0x000002851ec50000]
CodeHeap 'non-nmethods': size=5760Kb used=1606Kb max_used=1619Kb free=4153Kb
 bounds [0x0000028517180000, 0x00000285173f0000, 0x0000028517720000]
 total_blobs=1965 nmethods=936 adapters=942
 compilation: enabled
              stopped_count=0, restarted_count=0
 full_count=0

Compilation events (20 events):
Event: 5.290 Thread 0x000002852d844fa0  925       3       com.badlogic.gdx.graphics.glutils.IndexArray::getNumIndices (19 bytes)
Event: 5.290 Thread 0x000002852d844fa0 nmethod 925 0x00000285178ae590 code [0x00000285178ae740, 0x00000285178ae8f8]
Event: 5.290 Thread 0x000002852d844fa0  926       3       com.badlogic.gdx.graphics.glutils.ShaderProgram::disableVertexAttribute (28 bytes)
Event: 5.291 Thread 0x000002852d844fa0 nmethod 926 0x00000285178ae990 code [0x00000285178aeb80, 0x00000285178aef68]
Event: 5.291 Thread 0x000002852d844fa0  927       3       com.badlogic.gdx.graphics.glutils.ShaderProgram::fetchAttributeLocation (44 bytes)
Event: 5.291 Thread 0x000002852d844fa0 nmethod 927 0x00000285178af110 code [0x00000285178af300, 0x00000285178af748]
Event: 5.291 Thread 0x000002852d844fa0  928       3       com.badlogic.gdx.backends.lwjgl3.Lwjgl3GL20::glDisableVertexAttribArray (5 bytes)
Event: 5.291 Thread 0x000002852d844fa0 nmethod 928 0x00000285178afa10 code [0x00000285178afbc0, 0x00000285178afd48]
Event: 5.291 Thread 0x000002852d844fa0  929       3       org.lwjgl.opengl.GL20::glDisableVertexAttribArray (5 bytes)
Event: 5.291 Thread 0x000002852d844fa0 nmethod 929 0x00000285178afe10 code [0x00000285178affc0, 0x00000285178b00c8]
Event: 5.339 Thread 0x000002852d844fa0  931       1       org.lwjgl.system.CustomBuffer::limit (5 bytes)
Event: 5.339 Thread 0x000002852d844fa0 nmethod 931 0x000002851eca1e10 code [0x000002851eca1fa0, 0x000002851eca2078]
Event: 5.363 Thread 0x000002852d841f80  933       4       org.lwjgl.system.MemoryUtil::address (11 bytes)
Event: 5.364 Thread 0x000002852d841f80 nmethod 933 0x000002851eca2510 code [0x000002851eca2680, 0x000002851eca26f8]
Event: 5.388 Thread 0x000002852d844fa0  934       1       java.util.concurrent.atomic.AtomicLong::get (5 bytes)
Event: 5.389 Thread 0x000002852d844fa0 nmethod 934 0x000002851eca2810 code [0x000002851eca29a0, 0x000002851eca2a78]
Event: 5.412 Thread 0x000002852d844fa0  935       3       jdk.internal.misc.Unsafe::getAndAddLong (27 bytes)
Event: 5.412 Thread 0x000002852d844fa0 nmethod 935 0x00000285178b0190 code [0x00000285178b0340, 0x00000285178b0588]
Event: 5.412 Thread 0x000002852d844fa0  936       3       jdk.internal.misc.Unsafe::weakCompareAndSetLong (11 bytes)
Event: 5.412 Thread 0x000002852d844fa0 nmethod 936 0x00000285178b0690 code [0x00000285178b0820, 0x00000285178b0958]

GC Heap History (0 events):
No events

Deoptimization events (20 events):
Event: 0.516 Thread 0x000002850e1e76b0 DEOPT PACKING pc=0x000002851ec71740 sp=0x000000d11d2fb840
Event: 0.516 Thread 0x000002850e1e76b0 DEOPT UNPACKING pc=0x00000285171cd72e sp=0x000000d11d2fb7c8 mode 2
Event: 1.903 Thread 0x000002850e1e76b0 DEOPT PACKING pc=0x000002851774853e sp=0x000000d11d2fda90
Event: 1.903 Thread 0x000002850e1e76b0 DEOPT UNPACKING pc=0x00000285171cdece sp=0x000000d11d2fcf08 mode 0
Event: 2.105 Thread 0x000002850e1e76b0 Uncommon trap: trap_request=0xffffff5c fr.pc=0x000002851ec89a78 relative=0x0000000000000058
Event: 2.105 Thread 0x000002850e1e76b0 Uncommon trap: reason=speculate_null_check action=make_not_entrant pc=0x000002851ec89a78 method=sun.misc.Unsafe.getLong(Ljava/lang/Object;J)J @ 5 c2
Event: 2.105 Thread 0x000002850e1e76b0 DEOPT PACKING pc=0x000002851ec89a78 sp=0x000000d11d2fedd0
Event: 2.105 Thread 0x000002850e1e76b0 DEOPT UNPACKING pc=0x00000285171cd72e sp=0x000000d11d2fed48 mode 2
Event: 2.342 Thread 0x000002850e1e76b0 Uncommon trap: trap_request=0xffffff5c fr.pc=0x000002851ec84ffc relative=0x000000000000005c
Event: 2.342 Thread 0x000002850e1e76b0 Uncommon trap: reason=speculate_null_check action=make_not_entrant pc=0x000002851ec84ffc method=sun.misc.Unsafe.putLong(Ljava/lang/Object;JJ)V @ 7 c2
Event: 2.342 Thread 0x000002850e1e76b0 DEOPT PACKING pc=0x000002851ec84ffc sp=0x000000d11d2feb60
Event: 2.342 Thread 0x000002850e1e76b0 DEOPT UNPACKING pc=0x00000285171cd72e sp=0x000000d11d2fead8 mode 2
Event: 2.348 Thread 0x000002850e1e76b0 Uncommon trap: trap_request=0xffffff45 fr.pc=0x000002851ec88534 relative=0x0000000000000f34
Event: 2.348 Thread 0x000002850e1e76b0 Uncommon trap: reason=unstable_if action=reinterpret pc=0x000002851ec88534 method=java.util.HashMap.putVal(ILjava/lang/Object;Ljava/lang/Object;ZZ)Ljava/lang/Object; @ 69 c2
Event: 2.348 Thread 0x000002850e1e76b0 DEOPT PACKING pc=0x000002851ec88534 sp=0x000000d11d2fed30
Event: 2.348 Thread 0x000002850e1e76b0 DEOPT UNPACKING pc=0x00000285171cd72e sp=0x000000d11d2fec88 mode 2
Event: 2.349 Thread 0x000002850e1e76b0 Uncommon trap: trap_request=0xffffff45 fr.pc=0x000002851ec86c38 relative=0x0000000000000e38
Event: 2.349 Thread 0x000002850e1e76b0 Uncommon trap: reason=unstable_if action=reinterpret pc=0x000002851ec86c38 method=java.util.HashMap.putVal(ILjava/lang/Object;Ljava/lang/Object;ZZ)Ljava/lang/Object; @ 69 c2
Event: 2.349 Thread 0x000002850e1e76b0 DEOPT PACKING pc=0x000002851ec86c38 sp=0x000000d11d2fecc0
Event: 2.349 Thread 0x000002850e1e76b0 DEOPT UNPACKING pc=0x00000285171cd72e sp=0x000000d11d2fec90 mode 2

Classes unloaded (0 events):
No events

Classes redefined (0 events):
No events

Internal exceptions (19 events):
Event: 0.422 Thread 0x000002850e1e76b0 Exception <a 'java/lang/NoSuchMethodError'{0x0000000097ba6d88}: 'java.lang.Object java.lang.invoke.DirectMethodHandle$Holder.invokeStatic(java.lang.Object)'> (0x0000000097ba6d88) 
thrown [t:\workspace\open\src\hotspot\share\interpreter\linkResolver.cpp, line 790]
Event: 0.423 Thread 0x000002850e1e76b0 Exception <a 'java/lang/NoSuchMethodError'{0x0000000097baa5b8}: 'java.lang.Object java.lang.invoke.DirectMethodHandle$Holder.invokeStaticInit(java.lang.Object)'> (0x0000000097baa5b8) 
thrown [t:\workspace\open\src\hotspot\share\interpreter\linkResolver.cpp, line 790]
Event: 0.441 Thread 0x000002850e1e76b0 Exception <a 'java/lang/NoSuchMethodError'{0x0000000097a0e038}: 'void java.lang.invoke.DirectMethodHandle$Holder.invokeStatic(java.lang.Object, java.lang.Object)'> (0x0000000097a0e038) 
thrown [t:\workspace\open\src\hotspot\share\interpreter\linkResolver.cpp, line 790]
Event: 0.443 Thread 0x000002850e1e76b0 Exception <a 'java/lang/NoSuchMethodError'{0x0000000097a139a0}: 'void java.lang.invoke.DirectMethodHandle$Holder.invokeSpecial(java.lang.Object, java.lang.Object, java.lang.Object)'> (0x0000000097a139a0) 
thrown [t:\workspace\open\src\hotspot\share\interpreter\linkResolver.cpp, line 790]
Event: 0.448 Thread 0x000002850e1e76b0 Exception <a 'java/lang/NoSuchMethodError'{0x0000000097a285c0}: 'java.lang.Object java.lang.invoke.DirectMethodHandle$Holder.invokeStatic(java.lang.Object, java.lang.Object, int)'> (0x0000000097a285c0) 
thrown [t:\workspace\open\src\hotspot\share\interpreter\linkResolver.cpp, line 790]
Event: 0.450 Thread 0x000002850e1e76b0 Exception <a 'java/lang/NoSuchMethodError'{0x0000000097a34768}: 'void java.lang.invoke.DelegatingMethodHandle$Holder.delegate(java.lang.Object, java.lang.Object, int, java.lang.Object)'> (0x0000000097a34768) 
thrown [t:\workspace\open\src\hotspot\share\interpreter\linkResolver.cpp, line 790]
Event: 0.451 Thread 0x000002850e1e76b0 Exception <a 'java/lang/NoSuchMethodError'{0x0000000097a38ac0}: 'int java.lang.invoke.DirectMethodHandle$Holder.invokeSpecial(java.lang.Object, java.lang.Object, java.lang.Object)'> (0x0000000097a38ac0) 
thrown [t:\workspace\open\src\hotspot\share\interpreter\linkResolver.cpp, line 790]
Event: 0.516 Thread 0x000002850e1e76b0 Exception <a 'sun/nio/fs/WindowsException'{0x0000000097ae3be0}> (0x0000000097ae3be0) 
thrown [t:\workspace\open\src\hotspot\share\prims\jni.cpp, line 579]
Event: 0.517 Thread 0x000002850e1e76b0 Exception <a 'sun/nio/fs/WindowsException'{0x0000000097ae4138}> (0x0000000097ae4138) 
thrown [t:\workspace\open\src\hotspot\share\prims\jni.cpp, line 579]
Event: 0.586 Thread 0x000002850e1e76b0 Exception <a 'sun/nio/fs/WindowsException'{0x00000000978365e8}> (0x00000000978365e8) 
thrown [t:\workspace\open\src\hotspot\share\prims\jni.cpp, line 579]
Event: 0.586 Thread 0x000002850e1e76b0 Exception <a 'sun/nio/fs/WindowsException'{0x0000000097836988}> (0x0000000097836988) 
thrown [t:\workspace\open\src\hotspot\share\prims\jni.cpp, line 579]
Event: 0.625 Thread 0x000002850e1e76b0 Exception <a 'sun/nio/fs/WindowsException'{0x00000000978ed200}> (0x00000000978ed200) 
thrown [t:\workspace\open\src\hotspot\share\prims\jni.cpp, line 579]
Event: 0.625 Thread 0x000002850e1e76b0 Exception <a 'sun/nio/fs/WindowsException'{0x00000000978ed570}> (0x00000000978ed570) 
thrown [t:\workspace\open\src\hotspot\share\prims\jni.cpp, line 579]
Event: 0.701 Thread 0x000002850e1e76b0 Exception <a 'sun/nio/fs/WindowsException'{0x000000009777e7d0}> (0x000000009777e7d0) 
thrown [t:\workspace\open\src\hotspot\share\prims\jni.cpp, line 579]
Event: 0.701 Thread 0x000002850e1e76b0 Exception <a 'sun/nio/fs/WindowsException'{0x000000009777eb58}> (0x000000009777eb58) 
thrown [t:\workspace\open\src\hotspot\share\prims\jni.cpp, line 579]
Event: 1.753 Thread 0x000002850e1e76b0 Exception <a 'sun/nio/fs/WindowsException'{0x00000000975f0b60}> (0x00000000975f0b60) 
thrown [t:\workspace\open\src\hotspot\share\prims\jni.cpp, line 579]
Event: 1.753 Thread 0x000002850e1e76b0 Exception <a 'sun/nio/fs/WindowsException'{0x00000000975f0f10}> (0x00000000975f0f10) 
thrown [t:\workspace\open\src\hotspot\share\prims\jni.cpp, line 579]
Event: 1.761 Thread 0x000002850e1e76b0 Exception <a 'sun/nio/fs/WindowsException'{0x00000000974039c8}> (0x00000000974039c8) 
thrown [t:\workspace\open\src\hotspot\share\prims\jni.cpp, line 579]
Event: 1.761 Thread 0x000002850e1e76b0 Exception <a 'sun/nio/fs/WindowsException'{0x0000000097403cb0}> (0x0000000097403cb0) 
thrown [t:\workspace\open\src\hotspot\share\prims\jni.cpp, line 579]

Events (20 events):
Event: 1.143 loading class java/util/concurrent/locks/AbstractQueuedSynchronizer$ConditionObject
Event: 1.144 loading class java/util/concurrent/locks/Condition
Event: 1.144 loading class java/util/concurrent/locks/Condition done
Event: 1.144 loading class java/util/concurrent/locks/AbstractQueuedSynchronizer$ConditionObject done
Event: 1.757 Loaded shared library C:\Users\nilsh\AppData\Local\Temp\lwjglnilsh\3.2.3-build-13\lwjgl_opengl.dll
Event: 1.833 Thread 0x00000285361985d0 Thread added: 0x00000285361985d0
Event: 2.107 loading class java/lang/NumberFormatException
Event: 2.107 loading class java/lang/NumberFormatException done
Event: 2.108 Executing  VM operation: HandshakeAllThreads
Event: 2.108 Executing  VM operation: HandshakeAllThreads done
Event: 2.272 loading class java/util/NoSuchElementException
Event: 2.272 loading class java/util/NoSuchElementException done
Event: 2.313 Thread 0x00000285361985d0 Thread exited: 0x00000285361985d0
Event: 2.317 loading class java/io/UnsupportedEncodingException
Event: 2.317 loading class java/io/UnsupportedEncodingException done
Event: 2.322 loading class java/util/regex/Pattern$1
Event: 2.322 loading class java/util/regex/Pattern$1 done
Event: 3.096 Thread 0x000002852e4b14b0 Thread added: 0x000002852e4b14b0
Event: 3.118 Executing  VM operation: Cleanup
Event: 3.118 Executing  VM operation: Cleanup done


Dynamic libraries:
0x00007ff65a970000 - 0x00007ff65a980000 	C:\Program Files\Java\jdk-16.0.2\bin\javaw.exe
0x00007ffccd390000 - 0x00007ffccd585000 	C:\WINDOWS\SYSTEM32\ntdll.dll
0x00007ffccb4b0000 - 0x00007ffccb56d000 	C:\WINDOWS\System32\KERNEL32.DLL
0x00007ffccad20000 - 0x00007ffccafed000 	C:\WINDOWS\System32\KERNELBASE.dll
0x00007ffccabb0000 - 0x00007ffccacb0000 	C:\WINDOWS\System32\ucrtbase.dll
0x00007ffcc2820000 - 0x00007ffcc2838000 	C:\Program Files\Java\jdk-16.0.2\bin\jli.dll
0x00007ffcc0d10000 - 0x00007ffcc0d29000 	C:\Program Files\Java\jdk-16.0.2\bin\VCRUNTIME140.dll
0x00007ffcccae0000 - 0x00007ffcccb8e000 	C:\WINDOWS\System32\ADVAPI32.dll
0x00007ffcccd00000 - 0x00007ffcccd9e000 	C:\WINDOWS\System32\msvcrt.dll
0x00007ffccc6b0000 - 0x00007ffccc74c000 	C:\WINDOWS\System32\sechost.dll
0x00007ffccc8a0000 - 0x00007ffccc9c5000 	C:\WINDOWS\System32\RPCRT4.dll
0x00007ffccc080000 - 0x00007ffccc220000 	C:\WINDOWS\System32\USER32.dll
0x00007ffccab80000 - 0x00007ffccaba2000 	C:\WINDOWS\System32\win32u.dll
0x00007ffcbe5f0000 - 0x00007ffcbe88a000 	C:\WINDOWS\WinSxS\amd64_microsoft.windows.common-controls_6595b64144ccf1df_6.0.19041.1110_none_60b5254171f9507e\COMCTL32.dll
0x00007ffcccab0000 - 0x00007ffcccada000 	C:\WINDOWS\System32\GDI32.dll
0x00007ffccb1e0000 - 0x00007ffccb2eb000 	C:\WINDOWS\System32\gdi32full.dll
0x00007ffccb340000 - 0x00007ffccb3dd000 	C:\WINDOWS\System32\msvcp_win.dll
0x00007ffcba260000 - 0x00007ffcba26a000 	C:\WINDOWS\SYSTEM32\VERSION.dll
0x00007ffccccd0000 - 0x00007ffcccd00000 	C:\WINDOWS\System32\IMM32.DLL
0x00007ffcc2810000 - 0x00007ffcc281c000 	C:\Program Files\Java\jdk-16.0.2\bin\vcruntime140_1.dll
0x00007ffca72c0000 - 0x00007ffca7351000 	C:\Program Files\Java\jdk-16.0.2\bin\msvcp140.dll
0x00007ffc768a0000 - 0x00007ffc7744b000 	C:\Program Files\Java\jdk-16.0.2\bin\server\jvm.dll
0x00007ffccc450000 - 0x00007ffccc458000 	C:\WINDOWS\System32\PSAPI.DLL
0x00007ffcc7cc0000 - 0x00007ffcc7ce7000 	C:\WINDOWS\SYSTEM32\WINMM.dll
0x00007ffcbac50000 - 0x00007ffcbac59000 	C:\WINDOWS\SYSTEM32\WSOCK32.dll
0x00007ffccc810000 - 0x00007ffccc87b000 	C:\WINDOWS\System32\WS2_32.dll
0x00007ffcc9320000 - 0x00007ffcc9332000 	C:\WINDOWS\SYSTEM32\kernel.appcore.dll
0x00007ffcc1180000 - 0x00007ffcc118a000 	C:\Program Files\Java\jdk-16.0.2\bin\jimage.dll
0x00007ffcc85f0000 - 0x00007ffcc87d4000 	C:\WINDOWS\SYSTEM32\DBGHELP.DLL
0x00007ffcc1380000 - 0x00007ffcc13ac000 	C:\WINDOWS\SYSTEM32\dbgcore.DLL
0x00007ffccaff0000 - 0x00007ffccb072000 	C:\WINDOWS\System32\bcryptPrimitives.dll
0x00007ffca7290000 - 0x00007ffca72b5000 	C:\Program Files\Java\jdk-16.0.2\bin\java.dll
0x00007ffccb930000 - 0x00007ffccc074000 	C:\WINDOWS\System32\SHELL32.dll
0x00007ffcc87e0000 - 0x00007ffcc8f74000 	C:\WINDOWS\SYSTEM32\windows.storage.dll
0x00007ffccb570000 - 0x00007ffccb8c4000 	C:\WINDOWS\System32\combase.dll
0x00007ffcca430000 - 0x00007ffcca45c000 	C:\WINDOWS\SYSTEM32\Wldp.dll
0x00007ffccce20000 - 0x00007ffcccecd000 	C:\WINDOWS\System32\SHCORE.dll
0x00007ffccc220000 - 0x00007ffccc275000 	C:\WINDOWS\System32\shlwapi.dll
0x00007ffcca9e0000 - 0x00007ffcca9ff000 	C:\WINDOWS\SYSTEM32\profapi.dll
0x00007ffcb66c0000 - 0x00007ffcb66d9000 	C:\Program Files\Java\jdk-16.0.2\bin\net.dll
0x00007ffcc2360000 - 0x00007ffcc246a000 	C:\WINDOWS\SYSTEM32\WINHTTP.dll
0x00007ffcca190000 - 0x00007ffcca1fa000 	C:\WINDOWS\system32\mswsock.dll
0x00007ffcabea0000 - 0x00007ffcabeb3000 	C:\Program Files\Java\jdk-16.0.2\bin\nio.dll
0x00007ffcaa630000 - 0x00007ffcaa648000 	C:\Program Files\Java\jdk-16.0.2\bin\zip.dll
0x000000006e700000 - 0x000000006e72a000 	C:\Users\nilsh\AppData\Local\Temp\libgdxnilsh\e1cd32f8\gdx64.dll
0x00007ffc875c0000 - 0x00007ffc87624000 	C:\Users\nilsh\AppData\Local\Temp\lwjglnilsh\3.2.3-build-13\lwjgl.dll
0x00007ffc7f170000 - 0x00007ffc7f3c3000 	C:\Users\nilsh\AppData\Local\Temp\lwjglnilsh\3.2.3-build-13\jemalloc.dll
0x00007ffc83fa0000 - 0x00007ffc84002000 	C:\Users\nilsh\AppData\Local\Temp\lwjglnilsh\3.2.3-build-13\glfw.dll
0x00007ffcc7e30000 - 0x00007ffcc7ece000 	C:\WINDOWS\system32\uxtheme.dll
0x00007ffc83f50000 - 0x00007ffc83f95000 	C:\WINDOWS\SYSTEM32\dinput8.dll
0x00007ffca3b10000 - 0x00007ffca3b21000 	C:\WINDOWS\SYSTEM32\xinput1_4.dll
0x00007ffccb2f0000 - 0x00007ffccb33e000 	C:\WINDOWS\System32\cfgmgr32.dll
0x00007ffcca7e0000 - 0x00007ffcca80c000 	C:\WINDOWS\SYSTEM32\DEVOBJ.dll
0x00007ffcc8060000 - 0x00007ffcc808f000 	C:\WINDOWS\SYSTEM32\dwmapi.dll
0x00007ffcb1760000 - 0x00007ffcb18b2000 	C:\WINDOWS\SYSTEM32\inputhost.dll
0x00007ffccb3e0000 - 0x00007ffccb4ad000 	C:\WINDOWS\System32\OLEAUT32.dll
0x00007ffcc6060000 - 0x00007ffcc61b4000 	C:\WINDOWS\SYSTEM32\wintypes.dll
0x00007ffcc6ef0000 - 0x00007ffcc6fe2000 	C:\WINDOWS\SYSTEM32\CoreMessaging.dll
0x00007ffcc5cd0000 - 0x00007ffcc5dc6000 	C:\WINDOWS\SYSTEM32\PROPSYS.dll
0x00007ffcc6810000 - 0x00007ffcc6b6e000 	C:\WINDOWS\SYSTEM32\CoreUIComponents.dll
0x00007ffcc9760000 - 0x00007ffcc9793000 	C:\WINDOWS\SYSTEM32\ntmarta.dll
0x00007ffccc460000 - 0x00007ffccc575000 	C:\WINDOWS\System32\MSCTF.dll
0x00007ffcc92e0000 - 0x00007ffcc92ed000 	C:\WINDOWS\SYSTEM32\HID.DLL
0x00007ffccced0000 - 0x00007ffccd341000 	C:\WINDOWS\System32\SETUPAPI.DLL
0x00007ffccaaa0000 - 0x00007ffccaac7000 	C:\WINDOWS\System32\bcrypt.dll
0x00007ffccacb0000 - 0x00007ffccad18000 	C:\WINDOWS\System32\WINTRUST.dll
0x00007ffccb080000 - 0x00007ffccb1d6000 	C:\WINDOWS\System32\CRYPT32.dll
0x00007ffcca5c0000 - 0x00007ffcca5d2000 	C:\WINDOWS\SYSTEM32\MSASN1.dll
0x00007ffc804f0000 - 0x00007ffc805fb000 	C:\Users\nilsh\AppData\Local\Temp\lwjglnilsh\3.2.3-build-13\OpenAL.dll
0x00007ffccc580000 - 0x00007ffccc6aa000 	C:\WINDOWS\System32\ole32.dll
0x00007ffcccb90000 - 0x00007ffcccc39000 	C:\WINDOWS\System32\clbcatq.dll
0x00007ffcc42b0000 - 0x00007ffcc4335000 	C:\WINDOWS\System32\MMDevApi.dll
0x00007ffcc43b0000 - 0x00007ffcc4532000 	C:\WINDOWS\SYSTEM32\AUDIOSES.DLL
0x00007ffcca910000 - 0x00007ffcca95b000 	C:\WINDOWS\SYSTEM32\powrprof.dll
0x00007ffcca8f0000 - 0x00007ffcca902000 	C:\WINDOWS\SYSTEM32\UMPDC.dll
0x00007ffcc7f60000 - 0x00007ffcc7f74000 	C:\WINDOWS\SYSTEM32\resourcepolicyclient.dll
0x00007ffc86c40000 - 0x00007ffc86d66000 	C:\WINDOWS\SYSTEM32\opengl32.dll
0x00007ffc8ebd0000 - 0x00007ffc8ebfc000 	C:\WINDOWS\SYSTEM32\GLU32.dll
0x00007ffcc2dc0000 - 0x00007ffcc2eb7000 	C:\Windows\System32\AppXDeploymentClient.dll
0x00007ffca1290000 - 0x00007ffca12b8000 	C:\WINDOWS\System32\DriverStore\FileRepository\u0355756.inf_amd64_5146fc3a012e7afa\B354291\atig6pxx.dll
0x00007ffc54df0000 - 0x00007ffc57481000 	C:\WINDOWS\System32\DriverStore\FileRepository\u0355756.inf_amd64_5146fc3a012e7afa\B354291\atio6axx.dll
0x00007ffcaaad0000 - 0x00007ffcaaaf4000 	C:\WINDOWS\SYSTEM32\dxva2.dll
0x00007ffc83f10000 - 0x00007ffc83f4a000 	C:\WINDOWS\System32\DriverStore\FileRepository\u0355756.inf_amd64_5146fc3a012e7afa\B354291\atig6txx.dll
0x00007ffc77de0000 - 0x00007ffc77f88000 	C:\WINDOWS\SYSTEM32\atiadlxx.dll
0x00007ffcad520000 - 0x00007ffcad55b000 	C:\WINDOWS\SYSTEM32\dxcore.dll
0x00007ffc81600000 - 0x00007ffc81659000 	C:\Users\nilsh\AppData\Local\Temp\lwjglnilsh\3.2.3-build-13\lwjgl_opengl.dll
0x00007ffcb18c0000 - 0x00007ffcb19b9000 	C:\WINDOWS\SYSTEM32\textinputframework.dll
0x00007ffcac2a0000 - 0x00007ffcac34c000 	C:\WINDOWS\SYSTEM32\TextShaping.dll

dbghelp: loaded successfully - version: 4.0.5 - missing functions: none
symbol engine: initialized successfully - sym options: 0x614 - pdb path: .;C:\Program Files\Java\jdk-16.0.2\bin;C:\WINDOWS\SYSTEM32;C:\WINDOWS\WinSxS\amd64_microsoft.windows.common-controls_6595b64144ccf1df_6.0.19041.1110_none_60b5254171f9507e;C:\Program Files\Java\jdk-16.0.2\bin\server;C:\Users\nilsh\AppData\Local\Temp\libgdxnilsh\e1cd32f8;C:\Users\nilsh\AppData\Local\Temp\lwjglnilsh\3.2.3-build-13;C:\WINDOWS\System32\DriverStore\FileRepository\u0355756.inf_amd64_5146fc3a012e7afa\B354291

VM Arguments:
jvm_args: -Dfile.encoding=UTF-8 -XX:+ShowCodeDetailsInExceptionMessages 
java_command: com.mygdx.game.DesktopLauncher
java_class_path (initial): C:\Users\nilsh\Documents\Code\Code\Game\desktop\bin\main;\My GDX Game-desktop\bin\default;\My GDX Game-core\bin\default;C:\Users\nilsh\Documents\Code\Code\Game\core\bin\main;C:\Users\nilsh\.gradle\caches\modules-2\files-2.1\com.badlogicgames.gdx\gdx-backend-lwjgl3\1.10.0\600c7d5b2c977daa82c4abad147087b31e0ada87\gdx-backend-lwjgl3-1.10.0.jar;C:\Users\nilsh\.gradle\caches\modules-2\files-2.1\com.badlogicgames.gdx\gdx-platform\1.10.0\9a8fa793d2fd6d360afc6c9e4c1f5583da263b88\gdx-platform-1.10.0-natives-desktop.jar;C:\Users\nilsh\.gradle\caches\modules-2\files-2.1\com.badlogicgames.gdx\gdx\1.10.0\74c240f79dc4fb6b766a834249600d0a019d0489\gdx-1.10.0.jar;C:\Users\nilsh\.gradle\caches\modules-2\files-2.1\org.lwjgl\lwjgl-glfw\3.2.3\5e520d5c290c8b012545a8d34fa5db5ab051ea53\lwjgl-glfw-3.2.3.jar;C:\Users\nilsh\.gradle\caches\modules-2\files-2.1\org.lwjgl\lwjgl-glfw\3.2.3\b4d8a3477cdc2edcf7a5f1e822926be846223f54\lwjgl-glfw-3.2.3-natives-windows.jar;C:\Users\nilsh\.gradle\caches\modules-2\files-2.1\org.lwjgl\lwjgl-glfw\3.2.3\795d81329f65679ee6d299373cbea7fffc56b6ed\lwjgl-glfw-3.2.3-natives-windows-x86.jar;C:\Users\nilsh\.gradle\caches\modules-2\files-2.1\org.lwjgl\lwjgl-glfw\3.2.3\62b044d9b0a057444bef2ab70b9afc288ec09dba\lwjgl-glfw-3.2.3-natives-linux.jar;C:\Users\nilsh\.gradle\caches\modules-2\files-2.1\org.lwjgl\lwjgl-glfw\3.2.3\aab1a5a1e21eca87f4acd5ba055f6bfd5d90951c\lwjgl-glfw-3.2.3-natives-linux-arm32.jar;C:\Users\nilsh\.gradle\caches\modules-2\files-2.1\org.lwjgl\lwjgl-glfw\3.2.3\5149002edd12c9a7f62fb053d0ca8ea05a45f83\lwjgl-glfw-3.2.3-natives-linux-arm64.jar;C:\Users\nilsh\.gradle\caches\modules-2\files-2.1\org.lwjgl\lwjgl-glfw\3.2.3\58661272eacb9116336c88b4aadccf1f17c09b\lwjgl-glfw-3.2.3-natives-macos.jar;C:\Users\nilsh\.gradle\caches\modules-2\files-2.1\org.lwjgl\lwjgl-jemalloc\3.2.3\b6fd0932171ba3f2eaa4547beddca3a3e645342d\lwjgl-jemalloc-3.2.3.jar;C:\Users\nilsh\.gradle\caches\modules-2\files-2.1\org.lwjgl\lwjgl-jemalloc\3.2.3\3423fd0d4c7c19
Launcher Type: SUN_STANDARD

[Global flags]
     intx CICompilerCount                          = 4                                         {product} {ergonomic}
     uint ConcGCThreads                            = 2                                         {product} {ergonomic}
     uint G1ConcRefinementThreads                  = 8                                         {product} {ergonomic}
   size_t G1HeapRegionSize                         = 1048576                                   {product} {ergonomic}
    uintx GCDrainStackTargetSize                   = 64                                        {product} {ergonomic}
   size_t InitialHeapSize                          = 117440512                                 {product} {ergonomic}
   size_t MarkStackSize                            = 4194304                                   {product} {ergonomic}
   size_t MaxHeapSize                              = 1862270976                                {product} {ergonomic}
   size_t MaxNewSize                               = 1116733440                                {product} {ergonomic}
   size_t MinHeapDeltaBytes                        = 1048576                                   {product} {ergonomic}
   size_t MinHeapSize                              = 8388608                                   {product} {ergonomic}
    uintx NonNMethodCodeHeapSize                   = 5839372                                {pd product} {ergonomic}
    uintx NonProfiledCodeHeapSize                  = 122909434                              {pd product} {ergonomic}
    uintx ProfiledCodeHeapSize                     = 122909434                              {pd product} {ergonomic}
    uintx ReservedCodeCacheSize                    = 251658240                              {pd product} {ergonomic}
     bool SegmentedCodeCache                       = true                                      {product} {ergonomic}
     bool ShowCodeDetailsInExceptionMessages       = true                                   {manageable} {command line}
   size_t SoftMaxHeapSize                          = 1862270976                             {manageable} {ergonomic}
     bool UseCompressedClassPointers               = true                           {product lp64_product} {ergonomic}
     bool UseCompressedOops                        = true                           {product lp64_product} {ergonomic}
     bool UseG1GC                                  = true                                      {product} {ergonomic}
     bool UseLargePagesIndividualAllocation        = false                                  {pd product} {ergonomic}

Logging:
Log output configuration:
 #0: stdout all=warning uptime,level,tags
 #1: stderr all=off uptime,level,tags

Environment Variables:
PATH=C:\Program Files\Common Files\Oracle\Java\javapath;C:\WINDOWS\system32;C:\WINDOWS;C:\WINDOWS\System32\Wbem;C:\WINDOWS\System32\WindowsPowerShell\v1.0\;C:\WINDOWS\System32\OpenSSH\;C:\Program Files\Wolfram Research\WolframScript\;C:\Program Files\dotnet\;C:\Program Files (x86)\Calibre2\;C:\Program Files\MATLAB\R2022a\bin;C:\Program Files\Go\bin;C:\Users\nilsh\.cargo\bin;C:\Users\nilsh\AppData\Local\Microsoft\WindowsApps;;C:\Users\nilsh\.dotnet\tools;C:\Users\nilsh\AppData\Local\Programs\Microsoft VS Code\bin;C:\Users\nilsh\go\bin
USERNAME=nilsh
OS=Windows_NT
PROCESSOR_IDENTIFIER=AMD64 Family 23 Model 24 Stepping 1, AuthenticAMD



---------------  S Y S T E M  ---------------

OS:
 Windows 10 , 64 bit Build 19041 (10.0.19041.1706)
OS uptime: 0 days 23:49 hours
Hyper-V role detected

CPU: total 8 (initial active 8) (8 cores per cpu, 2 threads per core) family 23 model 24 stepping 1 microcode 0x0, cx8, cmov, fxsr, ht, mmx, 3dnowpref, sse, sse2, sse3, ssse3, sse4a, sse4.1, sse4.2, popcnt, lzcnt, tsc, tscinvbit, avx, avx2, aes, clmul, bmi1, bmi2, adx, sha, fma, vzeroupper, clflush, clflushopt, hv

Memory: 4k page, system-wide physical 7103M (1016M free)
TotalPageFile size 16831M (AvailPageFile size 4432M)
current process WorkingSet (physical memory assigned to process): 205M, peak: 222M
current process commit charge ("private bytes"): 417M, peak: 423M

vm_info: Java HotSpot(TM) 64-Bit Server VM (16.0.2+7-67) for windows-amd64 JRE (16.0.2+7-67), built on Jun  8 2021 23:24:19 by "mach5one" with MS VC++ 16.7 (VS2019)

END.
